<?xml version="1.0" encoding="UTF-8"?>
<testsuite xmlns:xsi="http://www.w3.org/2001/XMLSchema-instance" xsi:schemaLocation="https://maven.apache.org/surefire/maven-surefire-plugin/xsd/surefire-test-report.xsd" name="test.IsRegisteredBDWhiteTest" time="0.103" tests="6" errors="0" skipped="0" failures="0">
  <properties>
[...]
</properties>
  <testcase name="test3_passwordNull" classname="test.IsRegisteredBDWhiteTest" time="0.013"/>
  <testcase name="test4_mailAlreadyExists" classname="test.IsRegisteredBDWhiteTest" time="0.019"/>
  <testcase name="test5_userAlreadyExists" classname="test.IsRegisteredBDWhiteTest" time="0.019"/>
  <testcase name="test2_userNull" classname="test.IsRegisteredBDWhiteTest" time="0.017"/>
  <testcase name="test1_mailNull" classname="test.IsRegisteredBDWhiteTest" time="0.018"/>
  <testcase name="test6_registersSeller" classname="test.IsRegisteredBDWhiteTest" time="0.017"/>
</testsuite>